{"level":"warn","message":"warn: Started the bot..."}
{"level":"info","message":"info: Slash Command Loaded: 247"}
{"level":"info","message":"info: Slash Command Loaded: autoleave"}
{"level":"info","message":"info: Slash Command Loaded: autopause"}
{"level":"info","message":"info: Slash Command Loaded: autoqueue"}
{"level":"info","message":"info: Slash Command Loaded: clean"}
{"level":"info","message":"info: Slash Command Loaded: clear"}
{"level":"info","message":"info: Slash Command Loaded: filters"}
{"level":"info","message":"info: Slash Command Loaded: guildleave"}
{"level":"info","message":"info: Slash Command Loaded: help"}
{"level":"info","message":"info: Slash Command Loaded: invite"}
{"level":"info","message":"info: Slash Command Loaded: loop"}
{"level":"info","message":"info: Slash Command Loaded: loopq"}
{"level":"info","message":"info: Slash Command Loaded: lyrics"}
{"level":"info","message":"info: Slash Command Loaded: move"}
{"level":"info","message":"info: Slash Command Loaded: nowplaying"}
{"level":"info","message":"info: Slash Command Loaded: pause"}
{"level":"info","message":"info: Slash Command Loaded: ping"}
{"level":"info","message":"info: Slash Command Loaded: play"}
{"level":"info","message":"info: Slash Command Loaded: previous"}
{"level":"info","message":"info: Slash Command Loaded: queue"}
{"level":"info","message":"info: Slash Command Loaded: reload"}
{"level":"info","message":"info: Slash Command Loaded: remove"}
{"level":"info","message":"info: Slash Command Loaded: replay"}
{"level":"info","message":"info: Slash Command Loaded: resume"}
{"level":"info","message":"info: Slash Command Loaded: save"}
{"level":"info","message":"info: Slash Command Loaded: search"}
{"level":"info","message":"info: Slash Command Loaded: seek"}
{"level":"info","message":"info: Slash Command Loaded: shuffle"}
{"level":"info","message":"info: Slash Command Loaded: skip"}
{"level":"info","message":"info: Slash Command Loaded: skipto"}
{"level":"info","message":"info: Slash Command Loaded: stats"}
{"level":"info","message":"info: Slash Command Loaded: stop"}
{"level":"info","message":"info: Slash Command Loaded: summon"}
{"level":"info","message":"info: Slash Command Loaded: volume"}
{"level":"warn","message":"warn: Event Loaded: interactionCreate"}
{"level":"warn","message":"warn: Event Loaded: messageCreate"}
{"level":"warn","message":"warn: Event Loaded: messageDelete"}
{"level":"warn","message":"warn: Event Loaded: raw"}
{"level":"warn","message":"warn: Event Loaded: ready"}
{"level":"warn","message":"warn: Event Loaded: voiceStateUpdate"}
{"level":"info","message":"info: ContextMenu Loaded: play"}
{"level":"info","message":"info: Successfully Logged in as Evobot#8177"}
{"level":"info","message":"info: Node: Main Node | Lavalink node is connected."}
{"level":"warn","message":"warn: Node: Main Node | Lavalink node has an error: Unexpected op \"ready\" with data: [object Object]."}
{"level":"warn","message":"warn: Started the bot..."}
{"level":"info","message":"info: Slash Command Loaded: 247"}
{"level":"info","message":"info: Slash Command Loaded: autoleave"}
{"level":"info","message":"info: Slash Command Loaded: autopause"}
{"level":"info","message":"info: Slash Command Loaded: autoqueue"}
{"level":"info","message":"info: Slash Command Loaded: clean"}
{"level":"info","message":"info: Slash Command Loaded: clear"}
{"level":"info","message":"info: Slash Command Loaded: filters"}
{"level":"info","message":"info: Slash Command Loaded: guildleave"}
{"level":"info","message":"info: Slash Command Loaded: help"}
{"level":"info","message":"info: Slash Command Loaded: invite"}
{"level":"info","message":"info: Slash Command Loaded: loop"}
{"level":"info","message":"info: Slash Command Loaded: loopq"}
{"level":"info","message":"info: Slash Command Loaded: lyrics"}
{"level":"info","message":"info: Slash Command Loaded: move"}
{"level":"info","message":"info: Slash Command Loaded: nowplaying"}
{"level":"info","message":"info: Slash Command Loaded: pause"}
{"level":"info","message":"info: Slash Command Loaded: ping"}
{"level":"info","message":"info: Slash Command Loaded: play"}
{"level":"info","message":"info: Slash Command Loaded: previous"}
{"level":"info","message":"info: Slash Command Loaded: queue"}
{"level":"info","message":"info: Slash Command Loaded: reload"}
{"level":"info","message":"info: Slash Command Loaded: remove"}
{"level":"info","message":"info: Slash Command Loaded: replay"}
{"level":"info","message":"info: Slash Command Loaded: resume"}
{"level":"info","message":"info: Slash Command Loaded: save"}
{"level":"info","message":"info: Slash Command Loaded: search"}
{"level":"info","message":"info: Slash Command Loaded: seek"}
{"level":"info","message":"info: Slash Command Loaded: shuffle"}
{"level":"info","message":"info: Slash Command Loaded: skip"}
{"level":"info","message":"info: Slash Command Loaded: skipto"}
{"level":"info","message":"info: Slash Command Loaded: stats"}
{"level":"info","message":"info: Slash Command Loaded: stop"}
{"level":"info","message":"info: Slash Command Loaded: summon"}
{"level":"info","message":"info: Slash Command Loaded: volume"}
{"level":"info","message":"info: ContextMenu Loaded: play"}
{"level":"warn","message":"warn: Event Loaded: interactionCreate"}
{"level":"warn","message":"warn: Event Loaded: messageCreate"}
{"level":"warn","message":"warn: Event Loaded: messageDelete"}
{"level":"warn","message":"warn: Event Loaded: raw"}
{"level":"warn","message":"warn: Event Loaded: ready"}
{"level":"warn","message":"warn: Event Loaded: voiceStateUpdate"}
{"level":"info","message":"info: Successfully Logged in as Evobot#8177"}
{"level":"info","message":"info: Node: Main Node | Lavalink node is connected."}
{"level":"warn","message":"warn: Node: Main Node | Lavalink node has an error: Unexpected op \"ready\" with data: [object Object]."}
{"level":"warn","message":"warn: Started the bot..."}
{"level":"info","message":"info: ContextMenu Loaded: play"}
{"level":"warn","message":"warn: Event Loaded: interactionCreate"}
{"level":"warn","message":"warn: Event Loaded: messageCreate"}
{"level":"warn","message":"warn: Event Loaded: messageDelete"}
{"level":"warn","message":"warn: Event Loaded: raw"}
{"level":"warn","message":"warn: Event Loaded: ready"}
{"level":"warn","message":"warn: Event Loaded: voiceStateUpdate"}
{"level":"info","message":"info: Slash Command Loaded: 247"}
{"level":"info","message":"info: Slash Command Loaded: autoleave"}
{"level":"info","message":"info: Slash Command Loaded: autopause"}
{"level":"info","message":"info: Slash Command Loaded: autoqueue"}
{"level":"info","message":"info: Slash Command Loaded: clean"}
{"level":"info","message":"info: Slash Command Loaded: clear"}
{"level":"info","message":"info: Slash Command Loaded: filters"}
{"level":"info","message":"info: Slash Command Loaded: guildleave"}
{"level":"info","message":"info: Slash Command Loaded: help"}
{"level":"info","message":"info: Slash Command Loaded: invite"}
{"level":"info","message":"info: Slash Command Loaded: loop"}
{"level":"info","message":"info: Slash Command Loaded: loopq"}
{"level":"info","message":"info: Slash Command Loaded: lyrics"}
{"level":"info","message":"info: Slash Command Loaded: move"}
{"level":"info","message":"info: Slash Command Loaded: nowplaying"}
{"level":"info","message":"info: Slash Command Loaded: pause"}
{"level":"info","message":"info: Slash Command Loaded: ping"}
{"level":"info","message":"info: Slash Command Loaded: play"}
{"level":"info","message":"info: Slash Command Loaded: previous"}
{"level":"info","message":"info: Slash Command Loaded: queue"}
{"level":"info","message":"info: Slash Command Loaded: reload"}
{"level":"info","message":"info: Slash Command Loaded: remove"}
{"level":"info","message":"info: Slash Command Loaded: replay"}
{"level":"info","message":"info: Slash Command Loaded: resume"}
{"level":"info","message":"info: Slash Command Loaded: save"}
{"level":"info","message":"info: Slash Command Loaded: search"}
{"level":"info","message":"info: Slash Command Loaded: seek"}
{"level":"info","message":"info: Slash Command Loaded: shuffle"}
{"level":"info","message":"info: Slash Command Loaded: skip"}
{"level":"info","message":"info: Slash Command Loaded: skipto"}
{"level":"info","message":"info: Slash Command Loaded: stats"}
{"level":"info","message":"info: Slash Command Loaded: stop"}
{"level":"info","message":"info: Slash Command Loaded: summon"}
{"level":"info","message":"info: Slash Command Loaded: volume"}
{"level":"info","message":"info: Successfully Logged in as Evobot#8177"}
{"level":"info","message":"info: Node: Main Node | Lavalink node is connected."}
{"level":"warn","message":"warn: Node: Main Node | Lavalink node has an error: Unexpected op \"ready\" with data: [object Object]."}
{"level":"warn","message":"warn: Started the bot..."}
{"level":"info","message":"info: ContextMenu Loaded: play"}
{"level":"info","message":"info: Slash Command Loaded: 247"}
{"level":"info","message":"info: Slash Command Loaded: autoleave"}
{"level":"info","message":"info: Slash Command Loaded: autopause"}
{"level":"info","message":"info: Slash Command Loaded: autoqueue"}
{"level":"info","message":"info: Slash Command Loaded: clean"}
{"level":"info","message":"info: Slash Command Loaded: clear"}
{"level":"info","message":"info: Slash Command Loaded: filters"}
{"level":"info","message":"info: Slash Command Loaded: guildleave"}
{"level":"info","message":"info: Slash Command Loaded: help"}
{"level":"info","message":"info: Slash Command Loaded: invite"}
{"level":"info","message":"info: Slash Command Loaded: loop"}
{"level":"info","message":"info: Slash Command Loaded: loopq"}
{"level":"info","message":"info: Slash Command Loaded: lyrics"}
{"level":"info","message":"info: Slash Command Loaded: move"}
{"level":"info","message":"info: Slash Command Loaded: nowplaying"}
{"level":"info","message":"info: Slash Command Loaded: pause"}
{"level":"info","message":"info: Slash Command Loaded: ping"}
{"level":"info","message":"info: Slash Command Loaded: play"}
{"level":"info","message":"info: Slash Command Loaded: previous"}
{"level":"info","message":"info: Slash Command Loaded: queue"}
{"level":"info","message":"info: Slash Command Loaded: reload"}
{"level":"info","message":"info: Slash Command Loaded: remove"}
{"level":"info","message":"info: Slash Command Loaded: replay"}
{"level":"info","message":"info: Slash Command Loaded: resume"}
{"level":"info","message":"info: Slash Command Loaded: save"}
{"level":"info","message":"info: Slash Command Loaded: search"}
{"level":"info","message":"info: Slash Command Loaded: seek"}
{"level":"info","message":"info: Slash Command Loaded: shuffle"}
{"level":"info","message":"info: Slash Command Loaded: skip"}
{"level":"info","message":"info: Slash Command Loaded: skipto"}
{"level":"info","message":"info: Slash Command Loaded: stats"}
{"level":"info","message":"info: Slash Command Loaded: stop"}
{"level":"info","message":"info: Slash Command Loaded: summon"}
{"level":"info","message":"info: Slash Command Loaded: volume"}
{"level":"warn","message":"warn: Event Loaded: interactionCreate"}
{"level":"warn","message":"warn: Event Loaded: messageCreate"}
{"level":"warn","message":"warn: Event Loaded: messageDelete"}
{"level":"warn","message":"warn: Event Loaded: raw"}
{"level":"warn","message":"warn: Event Loaded: ready"}
{"level":"warn","message":"warn: Event Loaded: voiceStateUpdate"}
{"level":"info","message":"info: Successfully Logged in as Evobot#8177"}
{"level":"info","message":"info: Node: Main Node | Lavalink node is connected."}
{"level":"warn","message":"warn: Node: Main Node | Lavalink node has an error: Unexpected op \"ready\" with data: [object Object]."}
{"level":"warn","message":"warn: Started the bot..."}
{"level":"info","message":"info: Slash Command Loaded: 247"}
{"level":"info","message":"info: Slash Command Loaded: autoleave"}
{"level":"info","message":"info: Slash Command Loaded: autopause"}
{"level":"info","message":"info: Slash Command Loaded: autoqueue"}
{"level":"info","message":"info: Slash Command Loaded: clean"}
{"level":"info","message":"info: Slash Command Loaded: clear"}
{"level":"info","message":"info: Slash Command Loaded: filters"}
{"level":"info","message":"info: Slash Command Loaded: guildleave"}
{"level":"info","message":"info: Slash Command Loaded: help"}
{"level":"info","message":"info: Slash Command Loaded: invite"}
{"level":"info","message":"info: Slash Command Loaded: loop"}
{"level":"info","message":"info: Slash Command Loaded: loopq"}
{"level":"info","message":"info: Slash Command Loaded: lyrics"}
{"level":"info","message":"info: Slash Command Loaded: move"}
{"level":"info","message":"info: Slash Command Loaded: nowplaying"}
{"level":"info","message":"info: Slash Command Loaded: pause"}
{"level":"info","message":"info: Slash Command Loaded: ping"}
{"level":"info","message":"info: Slash Command Loaded: play"}
{"level":"info","message":"info: Slash Command Loaded: previous"}
{"level":"info","message":"info: Slash Command Loaded: queue"}
{"level":"info","message":"info: Slash Command Loaded: reload"}
{"level":"info","message":"info: Slash Command Loaded: remove"}
{"level":"info","message":"info: Slash Command Loaded: replay"}
{"level":"info","message":"info: Slash Command Loaded: resume"}
{"level":"info","message":"info: Slash Command Loaded: save"}
{"level":"info","message":"info: Slash Command Loaded: search"}
{"level":"info","message":"info: Slash Command Loaded: seek"}
{"level":"info","message":"info: Slash Command Loaded: shuffle"}
{"level":"info","message":"info: Slash Command Loaded: skip"}
{"level":"info","message":"info: Slash Command Loaded: skipto"}
{"level":"info","message":"info: Slash Command Loaded: stats"}
{"level":"info","message":"info: Slash Command Loaded: stop"}
{"level":"info","message":"info: Slash Command Loaded: summon"}
{"level":"info","message":"info: Slash Command Loaded: volume"}
{"level":"info","message":"info: ContextMenu Loaded: play"}
{"level":"warn","message":"warn: Event Loaded: interactionCreate"}
{"level":"warn","message":"warn: Event Loaded: messageCreate"}
{"level":"warn","message":"warn: Event Loaded: messageDelete"}
{"level":"warn","message":"warn: Event Loaded: raw"}
{"level":"warn","message":"warn: Event Loaded: ready"}
{"level":"warn","message":"warn: Event Loaded: voiceStateUpdate"}
{"level":"info","message":"info: Successfully Logged in as Evobot#8177"}
{"level":"info","message":"info: Node: Main Node | Lavalink node is connected."}
{"level":"warn","message":"warn: Node: Main Node | Lavalink node has an error: Unexpected op \"ready\" with data: [object Object]."}
{"level":"warn","message":"warn: Started the bot..."}
{"level":"info","message":"info: ContextMenu Loaded: play"}
{"level":"warn","message":"warn: Event Loaded: interactionCreate"}
{"level":"warn","message":"warn: Event Loaded: messageCreate"}
{"level":"warn","message":"warn: Event Loaded: messageDelete"}
{"level":"warn","message":"warn: Event Loaded: raw"}
{"level":"warn","message":"warn: Event Loaded: ready"}
{"level":"warn","message":"warn: Event Loaded: voiceStateUpdate"}
{"level":"info","message":"info: Slash Command Loaded: 247"}
{"level":"info","message":"info: Slash Command Loaded: autoleave"}
{"level":"info","message":"info: Slash Command Loaded: autopause"}
{"level":"info","message":"info: Slash Command Loaded: autoqueue"}
{"level":"info","message":"info: Slash Command Loaded: clean"}
{"level":"info","message":"info: Slash Command Loaded: clear"}
{"level":"info","message":"info: Slash Command Loaded: filters"}
{"level":"info","message":"info: Slash Command Loaded: guildleave"}
{"level":"info","message":"info: Slash Command Loaded: help"}
{"level":"info","message":"info: Slash Command Loaded: invite"}
{"level":"info","message":"info: Slash Command Loaded: loop"}
{"level":"info","message":"info: Slash Command Loaded: loopq"}
{"level":"info","message":"info: Slash Command Loaded: lyrics"}
{"level":"info","message":"info: Slash Command Loaded: move"}
{"level":"info","message":"info: Slash Command Loaded: nowplaying"}
{"level":"info","message":"info: Slash Command Loaded: pause"}
{"level":"info","message":"info: Slash Command Loaded: ping"}
{"level":"info","message":"info: Slash Command Loaded: play"}
{"level":"info","message":"info: Slash Command Loaded: previous"}
{"level":"info","message":"info: Slash Command Loaded: queue"}
{"level":"info","message":"info: Slash Command Loaded: reload"}
{"level":"info","message":"info: Slash Command Loaded: remove"}
{"level":"info","message":"info: Slash Command Loaded: replay"}
{"level":"info","message":"info: Slash Command Loaded: resume"}
{"level":"info","message":"info: Slash Command Loaded: save"}
{"level":"info","message":"info: Slash Command Loaded: search"}
{"level":"info","message":"info: Slash Command Loaded: seek"}
{"level":"info","message":"info: Slash Command Loaded: shuffle"}
{"level":"info","message":"info: Slash Command Loaded: skip"}
{"level":"info","message":"info: Slash Command Loaded: skipto"}
{"level":"info","message":"info: Slash Command Loaded: stats"}
{"level":"info","message":"info: Slash Command Loaded: stop"}
{"level":"info","message":"info: Slash Command Loaded: summon"}
{"level":"info","message":"info: Slash Command Loaded: volume"}
{"level":"info","message":"info: Successfully Logged in as Evobot#8177"}
{"level":"info","message":"info: Node: Main Node | Lavalink node is connected."}
{"level":"warn","message":"warn: Node: Main Node | Lavalink node has an error: Unexpected op \"ready\" with data: [object Object]."}
{"level":"warn","message":"warn: Started the bot..."}
{"level":"info","message":"info: Slash Command Loaded: 247"}
{"level":"info","message":"info: Slash Command Loaded: autoleave"}
{"level":"info","message":"info: Slash Command Loaded: autopause"}
{"level":"info","message":"info: Slash Command Loaded: autoqueue"}
{"level":"info","message":"info: Slash Command Loaded: clean"}
{"level":"info","message":"info: Slash Command Loaded: clear"}
{"level":"info","message":"info: Slash Command Loaded: filters"}
{"level":"info","message":"info: Slash Command Loaded: guildleave"}
{"level":"info","message":"info: Slash Command Loaded: help"}
{"level":"info","message":"info: Slash Command Loaded: invite"}
{"level":"info","message":"info: Slash Command Loaded: loop"}
{"level":"info","message":"info: Slash Command Loaded: loopq"}
{"level":"info","message":"info: Slash Command Loaded: lyrics"}
{"level":"info","message":"info: Slash Command Loaded: move"}
{"level":"info","message":"info: Slash Command Loaded: nowplaying"}
{"level":"info","message":"info: Slash Command Loaded: pause"}
{"level":"info","message":"info: Slash Command Loaded: ping"}
{"level":"info","message":"info: Slash Command Loaded: play"}
{"level":"info","message":"info: Slash Command Loaded: previous"}
{"level":"info","message":"info: Slash Command Loaded: queue"}
{"level":"info","message":"info: Slash Command Loaded: reload"}
{"level":"info","message":"info: Slash Command Loaded: remove"}
{"level":"info","message":"info: Slash Command Loaded: replay"}
{"level":"info","message":"info: Slash Command Loaded: resume"}
{"level":"info","message":"info: Slash Command Loaded: save"}
{"level":"info","message":"info: Slash Command Loaded: search"}
{"level":"info","message":"info: Slash Command Loaded: seek"}
{"level":"info","message":"info: Slash Command Loaded: shuffle"}
{"level":"info","message":"info: Slash Command Loaded: skip"}
{"level":"info","message":"info: Slash Command Loaded: skipto"}
{"level":"info","message":"info: Slash Command Loaded: stats"}
{"level":"info","message":"info: Slash Command Loaded: stop"}
{"level":"info","message":"info: Slash Command Loaded: summon"}
{"level":"info","message":"info: Slash Command Loaded: volume"}
{"level":"info","message":"info: ContextMenu Loaded: play"}
{"level":"warn","message":"warn: Event Loaded: interactionCreate"}
{"level":"warn","message":"warn: Event Loaded: messageCreate"}
{"level":"warn","message":"warn: Event Loaded: messageDelete"}
{"level":"warn","message":"warn: Event Loaded: raw"}
{"level":"warn","message":"warn: Event Loaded: ready"}
{"level":"warn","message":"warn: Event Loaded: voiceStateUpdate"}
{"level":"info","message":"info: Successfully Logged in as Evobot#8177"}
{"level":"info","message":"info: Node: Main Node | Lavalink node is connected."}
{"level":"warn","message":"warn: Node: Main Node | Lavalink node has an error: Unexpected op \"ready\" with data: [object Object]."}
{"level":"warn","message":"warn: Player: 669044284749774849 | A wild player has been created in Aidan's thing"}
{"level":"warn","message":"warn: Player: 669044284749774849 | Track has been started playing [\u001b[34mCarly Rae Jepsen - Call Me Maybe\u001b[39m]"}
{"level":"warn","message":"warn: Player: 669044284749774849 | Successfully paused the player"}
{"level":"warn","message":"warn: Player: 669044284749774849 | Successfully resumed the player"}
{"level":"warn","message":"warn: Player: 669044284749774849 | Successfully paused the player"}
{"level":"warn","message":"warn: Player: 669044284749774849 | Successfully resumed the player"}
{"level":"warn","message":"warn: Player: 669044284749774849 | Successfully paused the player"}
{"level":"warn","message":"warn: Player: 669044284749774849 | Successfully resumed the player"}
{"level":"warn","message":"warn: Player: 669044284749774849 | Track has been started playing [\u001b[34mLady Gaga, Bruno Mars - Die With A Smile\u001b[39m]"}
{"level":"warn","message":"warn: Player: 669044284749774849 | Successfully paused the player"}
{"level":"warn","message":"warn: Player: 669044284749774849 | Successfully resumed the player"}
{"level":"warn","message":"warn: Player: 669044284749774849 | Successfully stopped the player"}
{"level":"warn","message":"warn: Player: 669044284749774849 | A wild player has been destroyed in Aidan's thing"}
{"level":"warn","message":"warn: Player: 669044284749774849 | A wild player has been created in Aidan's thing"}
{"level":"warn","message":"warn: Player: 669044284749774849 | Track has been started playing [\u001b[34mSelf Deception - Smoke You Out (OFFICIAL LYRIC VIDEO)\u001b[39m]"}
{"level":"warn","message":"warn: Player: 669044284749774849 | Successfully paused the player"}
